# ELBREAD: Elaboration process.
# ELBREAD: Elaboration time 0.0 [s].
asim -advdataflow  alu_tb tb_architecture
# ELBREAD: Elaboration process.
# ELBREAD: Elaboration time 0.0 [s].
# asim: Stack memory: 32MB
# asim: Retval memory: 32MB
# KERNEL: Main thread initiated.
# KERNEL: Kernel process initialization phase.
# KERNEL: Time resolution set to 1ps.
# ELAB2: Elaboration final pass...
# ELAB2: Create instances ...
# ELAB2: Create instances complete.
# ELAB2: Elaboration final pass complete - time: 0.0 [s].
# KERNEL: Kernel process initialization done.
# Allocation: Simulator allocated 1656 kB (elbread=1023 elab2=361 kernel=270 sdf=0)
# KERNEL: ASDB file was created in location C:\My_Designs\ALU_FINAl\design\src\wave.asdb
#  3:57 PM, Monday, April 30, 2018
#  Simulation has been initialized
#  Selected Top-Level: alu_tb (tb_architecture)
# 4 signal(s) traced.
run 100 ns
# KERNEL: stopped at time: 100 ns
#  Simulation has been stopped
# Adding file C:\My_Designs\ALU_FINAl\design\src\untitled.asdb ... Done
# Adding file C:\My_Designs\ALU_FINAl\design\src\untitled.awc ... Done
